<?xml version="1.0" encoding="UTF-8"?>
<testng-results skipped="0" failed="0" ignored="0" total="3" passed="3">
  <reporter-output>
    <line>
      <![CDATA[Test case name is TC_01_Verify Chandigarh City Info]]>
    </line>
    <line>
      <![CDATA[Verified the status code successfully200.0]]>
    </line>
    <line>
      <![CDATA[Test case name is TC_02_Verify Delhi City Info]]>
    </line>
    <line>
      <![CDATA[Verified the status code successfully200.0]]>
    </line>
    <line>
      <![CDATA[Test case name is TC_03_Verify Noid City Info]]>
    </line>
    <line>
      <![CDATA[Verified the status code successfully200.0]]>
    </line>
  </reporter-output>
  <suite name="Suite" duration-ms="4736" started-at="2018-08-13T14:54:54Z" finished-at="2018-08-13T14:54:59Z">
    <groups>
    </groups>
    <test name="API GET Test" duration-ms="4736" started-at="2018-08-13T14:54:54Z" finished-at="2018-08-13T14:54:59Z">
      <class name="getRequestValidationLatest.TC_04_TestWeatherAPIWithDataProvider_Cities_With_Extent_Manager">
        <test-method status="PASS" signature="getMethodName(java.lang.reflect.Method)[pri:0, instance:getRequestValidationLatest.TC_04_TestWeatherAPIWithDataProvider_Cities_With_Extent_Manager@55d56113]" name="getMethodName" is-config="true" duration-ms="187" started-at="2018-08-13T14:54:55Z" finished-at="2018-08-13T14:54:55Z">
          <params>
            <param index="0">
              <value>
                <![CDATA[public void getRequestValidationLatest.TC_04_TestWeatherAPIWithDataProvider_Cities_With_Extent_Manager.TestWeatherAPIWithDataProvider(java.lang.String,java.lang.String,java.lang.String,java.lang.String,java.lang.String,java.lang.String) throws java.lang.InterruptedException]]>
              </value>
            </param>
          </params>
          <reporter-output>
          </reporter-output>
        </test-method> <!-- getMethodName -->
        <test-method status="PASS" signature="TestWeatherAPIWithDataProvider(java.lang.String, java.lang.String, java.lang.String, java.lang.String, java.lang.String, java.lang.String)[pri:0, instance:getRequestValidationLatest.TC_04_TestWeatherAPIWithDataProvider_Cities_With_Extent_Manager@55d56113]" name="TestWeatherAPIWithDataProvider" duration-ms="2230" started-at="2018-08-13T14:54:55Z" data-provider="allCitiesData" finished-at="2018-08-13T14:54:57Z">
          <params>
            <param index="0">
              <value>
                <![CDATA[TC_01_Verify Chandigarh City Info]]>
              </value>
            </param>
            <param index="1">
              <value>
                <![CDATA[Chandigarh]]>
              </value>
            </param>
            <param index="2">
              <value>
                <![CDATA[9c487f15785a73b553478841e1b0ac5d]]>
              </value>
            </param>
            <param index="3">
              <value>
                <![CDATA[200.0]]>
              </value>
            </param>
            <param index="4">
              <value>
                <![CDATA[UK]]>
              </value>
            </param>
            <param index="5">
              <value>
                <![CDATA[Passed]]>
              </value>
            </param>
          </params>
          <reporter-output>
            <line>
              <![CDATA[Test case name is TC_01_Verify Chandigarh City Info]]>
            </line>
            <line>
              <![CDATA[Verified the status code successfully200.0]]>
            </line>
          </reporter-output>
        </test-method> <!-- TestWeatherAPIWithDataProvider -->
        <test-method status="PASS" signature="afterEachTest(org.testng.ITestResult)[pri:0, instance:getRequestValidationLatest.TC_04_TestWeatherAPIWithDataProvider_Cities_With_Extent_Manager@55d56113]" name="afterEachTest" is-config="true" duration-ms="352" started-at="2018-08-13T14:54:57Z" finished-at="2018-08-13T14:54:58Z">
          <params>
            <param index="0">
              <value>
                <![CDATA[[TestResult name=TestWeatherAPIWithDataProvider status=SUCCESS method=TC_04_TestWeatherAPIWithDataProvider_Cities_With_Extent_Manager.TestWeatherAPIWithDataProvider(java.lang.String, java.lang.String, java.lang.String, java.lang.String, java.lang.String, java.lang.String)[pri:0, instance:getRequestValidationLatest.TC_04_TestWeatherAPIWithDataProvider_Cities_With_Extent_Manager@55d56113] output=Test case name is TC_01_Verify Chandigarh City Info]]]>
              </value>
            </param>
          </params>
          <reporter-output>
          </reporter-output>
        </test-method> <!-- afterEachTest -->
        <test-method status="PASS" signature="getMethodName(java.lang.reflect.Method)[pri:0, instance:getRequestValidationLatest.TC_04_TestWeatherAPIWithDataProvider_Cities_With_Extent_Manager@55d56113]" name="getMethodName" is-config="true" duration-ms="37" started-at="2018-08-13T14:54:58Z" finished-at="2018-08-13T14:54:58Z">
          <params>
            <param index="0">
              <value>
                <![CDATA[public void getRequestValidationLatest.TC_04_TestWeatherAPIWithDataProvider_Cities_With_Extent_Manager.TestWeatherAPIWithDataProvider(java.lang.String,java.lang.String,java.lang.String,java.lang.String,java.lang.String,java.lang.String) throws java.lang.InterruptedException]]>
              </value>
            </param>
          </params>
          <reporter-output>
          </reporter-output>
        </test-method> <!-- getMethodName -->
        <test-method status="PASS" signature="TestWeatherAPIWithDataProvider(java.lang.String, java.lang.String, java.lang.String, java.lang.String, java.lang.String, java.lang.String)[pri:0, instance:getRequestValidationLatest.TC_04_TestWeatherAPIWithDataProvider_Cities_With_Extent_Manager@55d56113]" name="TestWeatherAPIWithDataProvider" duration-ms="505" started-at="2018-08-13T14:54:58Z" data-provider="allCitiesData" finished-at="2018-08-13T14:54:58Z">
          <params>
            <param index="0">
              <value>
                <![CDATA[TC_02_Verify Delhi City Info]]>
              </value>
            </param>
            <param index="1">
              <value>
                <![CDATA[Delhi]]>
              </value>
            </param>
            <param index="2">
              <value>
                <![CDATA[9c487f15785a73b553478841e1b0ac5d]]>
              </value>
            </param>
            <param index="3">
              <value>
                <![CDATA[200.0]]>
              </value>
            </param>
            <param index="4">
              <value>
                <![CDATA[UK]]>
              </value>
            </param>
            <param index="5">
              <value>
                <![CDATA[Passed]]>
              </value>
            </param>
          </params>
          <reporter-output>
            <line>
              <![CDATA[Test case name is TC_02_Verify Delhi City Info]]>
            </line>
            <line>
              <![CDATA[Verified the status code successfully200.0]]>
            </line>
          </reporter-output>
        </test-method> <!-- TestWeatherAPIWithDataProvider -->
        <test-method status="PASS" signature="afterEachTest(org.testng.ITestResult)[pri:0, instance:getRequestValidationLatest.TC_04_TestWeatherAPIWithDataProvider_Cities_With_Extent_Manager@55d56113]" name="afterEachTest" is-config="true" duration-ms="74" started-at="2018-08-13T14:54:58Z" finished-at="2018-08-13T14:54:58Z">
          <params>
            <param index="0">
              <value>
                <![CDATA[[TestResult name=TestWeatherAPIWithDataProvider status=SUCCESS method=TC_04_TestWeatherAPIWithDataProvider_Cities_With_Extent_Manager.TestWeatherAPIWithDataProvider(java.lang.String, java.lang.String, java.lang.String, java.lang.String, java.lang.String, java.lang.String)[pri:0, instance:getRequestValidationLatest.TC_04_TestWeatherAPIWithDataProvider_Cities_With_Extent_Manager@55d56113] output=Test case name is TC_02_Verify Delhi City Info]]]>
              </value>
            </param>
          </params>
          <reporter-output>
          </reporter-output>
        </test-method> <!-- afterEachTest -->
        <test-method status="PASS" signature="getMethodName(java.lang.reflect.Method)[pri:0, instance:getRequestValidationLatest.TC_04_TestWeatherAPIWithDataProvider_Cities_With_Extent_Manager@55d56113]" name="getMethodName" is-config="true" duration-ms="61" started-at="2018-08-13T14:54:58Z" finished-at="2018-08-13T14:54:58Z">
          <params>
            <param index="0">
              <value>
                <![CDATA[public void getRequestValidationLatest.TC_04_TestWeatherAPIWithDataProvider_Cities_With_Extent_Manager.TestWeatherAPIWithDataProvider(java.lang.String,java.lang.String,java.lang.String,java.lang.String,java.lang.String,java.lang.String) throws java.lang.InterruptedException]]>
              </value>
            </param>
          </params>
          <reporter-output>
          </reporter-output>
        </test-method> <!-- getMethodName -->
        <test-method status="PASS" signature="TestWeatherAPIWithDataProvider(java.lang.String, java.lang.String, java.lang.String, java.lang.String, java.lang.String, java.lang.String)[pri:0, instance:getRequestValidationLatest.TC_04_TestWeatherAPIWithDataProvider_Cities_With_Extent_Manager@55d56113]" name="TestWeatherAPIWithDataProvider" duration-ms="498" started-at="2018-08-13T14:54:58Z" data-provider="allCitiesData" finished-at="2018-08-13T14:54:59Z">
          <params>
            <param index="0">
              <value>
                <![CDATA[TC_03_Verify Noid City Info]]>
              </value>
            </param>
            <param index="1">
              <value>
                <![CDATA[Noida]]>
              </value>
            </param>
            <param index="2">
              <value>
                <![CDATA[9c487f15785a73b553478841e1b0ac5d]]>
              </value>
            </param>
            <param index="3">
              <value>
                <![CDATA[200.0]]>
              </value>
            </param>
            <param index="4">
              <value>
                <![CDATA[UK]]>
              </value>
            </param>
            <param index="5">
              <value>
                <![CDATA[Passed]]>
              </value>
            </param>
          </params>
          <reporter-output>
            <line>
              <![CDATA[Test case name is TC_03_Verify Noid City Info]]>
            </line>
            <line>
              <![CDATA[Verified the status code successfully200.0]]>
            </line>
          </reporter-output>
        </test-method> <!-- TestWeatherAPIWithDataProvider -->
        <test-method status="PASS" signature="afterEachTest(org.testng.ITestResult)[pri:0, instance:getRequestValidationLatest.TC_04_TestWeatherAPIWithDataProvider_Cities_With_Extent_Manager@55d56113]" name="afterEachTest" is-config="true" duration-ms="97" started-at="2018-08-13T14:54:59Z" finished-at="2018-08-13T14:54:59Z">
          <params>
            <param index="0">
              <value>
                <![CDATA[[TestResult name=TestWeatherAPIWithDataProvider status=SUCCESS method=TC_04_TestWeatherAPIWithDataProvider_Cities_With_Extent_Manager.TestWeatherAPIWithDataProvider(java.lang.String, java.lang.String, java.lang.String, java.lang.String, java.lang.String, java.lang.String)[pri:0, instance:getRequestValidationLatest.TC_04_TestWeatherAPIWithDataProvider_Cities_With_Extent_Manager@55d56113] output=Test case name is TC_03_Verify Noid City Info]]]>
              </value>
            </param>
          </params>
          <reporter-output>
          </reporter-output>
        </test-method> <!-- afterEachTest -->
      </class> <!-- getRequestValidationLatest.TC_04_TestWeatherAPIWithDataProvider_Cities_With_Extent_Manager -->
    </test> <!-- API GET Test -->
  </suite> <!-- Suite -->
</testng-results>
