<?xml version="1.0" encoding="UTF-8"?>
<testng-results skipped="0" failed="0" ignored="0" total="1" passed="1">
  <reporter-output>
  </reporter-output>
  <suite name="Default suite" duration-ms="4944" started-at="2018-08-14T17:04:48Z" finished-at="2018-08-14T17:04:53Z">
    <groups>
    </groups>
    <test name="Default test" duration-ms="4944" started-at="2018-08-14T17:04:48Z" finished-at="2018-08-14T17:04:53Z">
      <class name="getRequestValidationLatest.TC_05">
        <test-method status="PASS" signature="validTest()[pri:0, instance:getRequestValidationLatest.TC_05@1a968a59]" name="validTest" duration-ms="4831" started-at="2018-08-14T17:04:48Z" finished-at="2018-08-14T17:04:53Z">
          <reporter-output>
          </reporter-output>
        </test-method> <!-- validTest -->
      </class> <!-- getRequestValidationLatest.TC_05 -->
    </test> <!-- Default test -->
  </suite> <!-- Default suite -->
</testng-results>
