<?xml version="1.0" encoding="UTF-8"?>
<!-- Generated by org.testng.reporters.JUnitXMLReporter -->
<testsuite hostname="PG014UCR" ignored="0" name="Default test" tests="3" failures="0" timestamp="12 Sep 2018 08:06:34 GMT" time="4.365" errors="0">
  <testcase name="TestWeatherAPIWithDataProvider" time="1.939" classname="getRequestValidationLatest.TC_04_TestWeatherAPIWithDataProvider_Cities_With_Extent_Manager"/>
  <testcase name="TestWeatherAPIWithDataProvider" time="0.516" classname="getRequestValidationLatest.TC_04_TestWeatherAPIWithDataProvider_Cities_With_Extent_Manager"/>
  <testcase name="TestWeatherAPIWithDataProvider" time="0.505" classname="getRequestValidationLatest.TC_04_TestWeatherAPIWithDataProvider_Cities_With_Extent_Manager"/>
</testsuite> <!-- Default test -->
