<?xml version="1.0" encoding="UTF-8"?>
<!-- Generated by org.testng.reporters.JUnitXMLReporter -->
<testsuite hostname="PG014UCR" ignored="0" name="API GET Test" tests="3" failures="0" timestamp="12 Aug 2018 12:39:16 GMT" time="4.609" errors="0">
  <testcase name="TestWeatherAPIWithDataProvider" time="1.911" classname="getRequestValidationLatest.TC_03_TestWeatherAPIWithDataProvider_Cities"/>
  <testcase name="TestWeatherAPIWithDataProvider" time="0.678" classname="getRequestValidationLatest.TC_03_TestWeatherAPIWithDataProvider_Cities"/>
  <testcase name="TestWeatherAPIWithDataProvider" time="0.688" classname="getRequestValidationLatest.TC_03_TestWeatherAPIWithDataProvider_Cities"/>
</testsuite> <!-- API GET Test -->
