<?xml version="1.0" encoding="UTF-8"?>
<!-- Generated by org.testng.reporters.JUnitXMLReporter -->
<testsuite hostname="PG014UCR" ignored="0" name="API GET Test" tests="3" failures="0" timestamp="12 Aug 2018 09:25:18 GMT" time="3.844" errors="0">
  <testcase name="TestWeatherAPIWithDataProvider" time="1.765" classname="getRequestValidationLatest.TC_03_TestWeatherAPIWithDataProvider_Cities"/>
  <testcase name="TestWeatherAPIWithDataProvider" time="0.454" classname="getRequestValidationLatest.TC_03_TestWeatherAPIWithDataProvider_Cities"/>
  <testcase name="TestWeatherAPIWithDataProvider" time="0.46" classname="getRequestValidationLatest.TC_03_TestWeatherAPIWithDataProvider_Cities"/>
</testsuite> <!-- API GET Test -->
